<?xml version="1.0" encoding="UTF-8"?>
<testsuite xmlns:xsi="http://www.w3.org/2001/XMLSchema-instance" xsi:noNamespaceSchemaLocation="https://maven.apache.org/surefire/maven-surefire-plugin/xsd/surefire-test-report.xsd" name="app.moels.CuentaTest" time="0.954" tests="62" errors="0" skipped="9" failures="0">
  <properties>
[...]
</properties>
  <testcase name="transferirDineroEntreCuentasTest" classname="app.moels.CuentaTest" time="0.048"/>
  <testcase name="saldoMayorQueCeroFalseTest" classname="app.moels.CuentaTest" time="0.01"/>
  <testcase name="nombreCuentaTest" classname="app.moels.CuentaTest" time="0.012"/>
  <testcase name="debitoCuentaRepiteTest{RepetitionInfo}[1]" classname="app.moels.CuentaTest" time="0.008"/>
  <testcase name="debitoCuentaRepiteTest{RepetitionInfo}[2]" classname="app.moels.CuentaTest" time="0.007"/>
  <testcase name="debitoCuentaRepiteTest{RepetitionInfo}[3]" classname="app.moels.CuentaTest" time="0.01"/>
  <testcase name="saldoCuenta" classname="app.moels.CuentaTest" time="0.004"/>
  <testcase name="relacionBancoCuentasTest" classname="app.moels.CuentaTest" time="0.008"/>
  <testcase name="debitoCuentaTest" classname="app.moels.CuentaTest" time="0.011"/>
  <testcase name="saldoMayorQueCeroTrueTest" classname="app.moels.CuentaTest" time="0.009"/>
  <testcase name="dineroInsuficienteException" classname="app.moels.CuentaTest" time="0.006"/>
  <testcase name="nombreCuentaInyeccionDependenciasTest" classname="app.moels.CuentaTest" time="0.014"/>
  <testcase name="creditoCuentaTest" classname="app.moels.CuentaTest" time="0.007"/>
  <testcase name="referenciaCuentaTest" classname="app.moels.CuentaTest" time="0.007"/>
  <testcase name="debitoCuentaParametrizedMethodSourceTest{String}[1]" classname="app.moels.CuentaTest" time="0.011"/>
  <testcase name="debitoCuentaParametrizedMethodSourceTest{String}[2]" classname="app.moels.CuentaTest" time="0.012"/>
  <testcase name="debitoCuentaParametrizedMethodSourceTest{String}[3]" classname="app.moels.CuentaTest" time="0.01"/>
  <testcase name="debitoCuentaParametrizedMethodSourceTest{String}[4]" classname="app.moels.CuentaTest" time="0.01"/>
  <testcase name="debitoCuentaParametrizedMethodSourceTest{String}[5]" classname="app.moels.CuentaTest" time="0.015"/>
  <testcase name="debitoCuentaParametrizedMethodSourceTest{String}[6]" classname="app.moels.CuentaTest" time="0.011"/>
  <testcase name="debitoCuentaParametrizedMethodSourceTest{String}[7]" classname="app.moels.CuentaTest" time="0.01"/>
  <testcase name="app.moels.CuentaTest$TimeOutTests" classname="app.moels.CuentaTest$TimeOutTests" time="0">
    <skipped message="class app.moels.CuentaTest$TimeOutTests is @Disabled"/>
  </testcase>
  <testcase name="saldoCuentaDevTest" classname="app.moels.CuentaTest$AssumptionsTest" time="0">
    <skipped message="Assumption failed: assumption is not true" type="org.opentest4j.TestAbortedException">org.opentest4j.TestAbortedException: Assumption failed: assumption is not true
	at app.moels.CuentaTest$AssumptionsTest.saldoCuentaDevTest(CuentaTest.java:372)
</skipped>
    <system-out><![CDATA[Ejecutando: saldoCuentaDevTest para el DisplayName: saldoCuentaDevTest() con los tags: []
null
]]></system-out>
  </testcase>
  <testcase name="saldoCuentaDev2Test" classname="app.moels.CuentaTest$AssumptionsTest" time="0.007"/>
  <testcase name="ifjavaHomeExists" classname="app.moels.CuentaTest$VarEnvironmentTest" time="0">
    <skipped message="Environment variable [JAVA_HOME] with value [C:\Program Files\Java\jdk-11.0.11] does not match regular expression [.*jdk1.8.0_271.*]"/>
  </testcase>
  <testcase name="prinEnvVariables" classname="app.moels.CuentaTest$VarEnvironmentTest" time="0.352"/>
  <testcase name="solo64bitsSO" classname="app.moels.CuentaTest$SystemPrpertiesTest" time="0.008"/>
  <testcase name="ifEnvisDev" classname="app.moels.CuentaTest$SystemPrpertiesTest" time="0">
    <skipped message="System property [ENV] does not exist"/>
  </testcase>
  <testcase name="solo32bitsSO" classname="app.moels.CuentaTest$SystemPrpertiesTest" time="0">
    <skipped message="System property [os.arch] with value [amd64] does not match regular expression [.*32.*]"/>
  </testcase>
  <testcase name="javaVersion" classname="app.moels.CuentaTest$SystemPrpertiesTest" time="0.008"/>
  <testcase name="onJre11" classname="app.moels.CuentaTest$JavaVersiontest" time="0">
    <skipped message="Disabled on JRE version: 11.0.11"/>
  </testcase>
  <testcase name="soloJava8" classname="app.moels.CuentaTest$JavaVersiontest" time="0">
    <skipped message="Disabled on JRE version: 11.0.11"/>
  </testcase>
  <testcase name="soloJava11" classname="app.moels.CuentaTest$JavaVersiontest" time="0.009"/>
  <testcase name="onWindows" classname="app.moels.CuentaTest$SistemaOperativoTest" time="0">
    <skipped message="Disabled on operating system: Windows 10"/>
  </testcase>
  <testcase name="soloWindows" classname="app.moels.CuentaTest$SistemaOperativoTest" time="0.006"/>
  <testcase name="soloLinuxYMac" classname="app.moels.CuentaTest$SistemaOperativoTest" time="0">
    <skipped message="Disabled on operating system: Windows 10"/>
  </testcase>
  <testcase name="debitoCuentaParametrizedCsvSourceTest{String}[1]" classname="app.moels.CuentaTest$PruebasParametrizadas" time="0.015"/>
  <testcase name="debitoCuentaParametrizedCsvSourceTest{String}[2]" classname="app.moels.CuentaTest$PruebasParametrizadas" time="0.014"/>
  <testcase name="debitoCuentaParametrizedCsvSourceTest{String}[3]" classname="app.moels.CuentaTest$PruebasParametrizadas" time="0.011"/>
  <testcase name="debitoCuentaParametrizedCsvSourceTest{String}[4]" classname="app.moels.CuentaTest$PruebasParametrizadas" time="0.009"/>
  <testcase name="debitoCuentaParametrizedCsvSourceTest{String}[5]" classname="app.moels.CuentaTest$PruebasParametrizadas" time="0.012"/>
  <testcase name="debitoCuentaParametrizedCsvSourceTest{String}[6]" classname="app.moels.CuentaTest$PruebasParametrizadas" time="0.01"/>
  <testcase name="debitoCuentaParametrizedCsvSourceTest{String}[7]" classname="app.moels.CuentaTest$PruebasParametrizadas" time="0.009"/>
  <testcase name="debitoCuentaParametrizedCsvSourceTest{String}[8]" classname="app.moels.CuentaTest$PruebasParametrizadas" time="0.011"/>
  <testcase name="debitoCuentaParametrizedValueSourceTest2{String, String, String, String}[1]" classname="app.moels.CuentaTest$PruebasParametrizadas" time="0.015"/>
  <testcase name="debitoCuentaParametrizedValueSourceTest2{String, String, String, String}[2]" classname="app.moels.CuentaTest$PruebasParametrizadas" time="0.013"/>
  <testcase name="debitoCuentaParametrizedValueSourceTest2{String, String, String, String}[3]" classname="app.moels.CuentaTest$PruebasParametrizadas" time="0.012"/>
  <testcase name="debitoCuentaParametrizedValueSourceTest2{String, String, String, String}[4]" classname="app.moels.CuentaTest$PruebasParametrizadas" time="0.011"/>
  <testcase name="debitoCuentaParametrizedValueSourceTest2{String, String, String, String}[5]" classname="app.moels.CuentaTest$PruebasParametrizadas" time="0.013"/>
  <testcase name="debitoCuentaParametrizedValueSourceTest2{String, String, String, String}[6]" classname="app.moels.CuentaTest$PruebasParametrizadas" time="0.012"/>
  <testcase name="debitoCuentaParametrizedTest{String}[1]" classname="app.moels.CuentaTest$PruebasParametrizadas" time="0.009"/>
  <testcase name="debitoCuentaParametrizedTest{String}[2]" classname="app.moels.CuentaTest$PruebasParametrizadas" time="0.009"/>
  <testcase name="debitoCuentaParametrizedTest{String}[3]" classname="app.moels.CuentaTest$PruebasParametrizadas" time="0.009"/>
  <testcase name="debitoCuentaParametrizedTest{String}[4]" classname="app.moels.CuentaTest$PruebasParametrizadas" time="0.008"/>
  <testcase name="debitoCuentaParametrizedTest{String}[5]" classname="app.moels.CuentaTest$PruebasParametrizadas" time="0.01"/>
  <testcase name="debitoCuentaParametrizedTest{String}[6]" classname="app.moels.CuentaTest$PruebasParametrizadas" time="0.008"/>
  <testcase name="debitoCuentaParametrizedValueSourceTest{String, String}[1]" classname="app.moels.CuentaTest$PruebasParametrizadas" time="0.009"/>
  <testcase name="debitoCuentaParametrizedValueSourceTest{String, String}[2]" classname="app.moels.CuentaTest$PruebasParametrizadas" time="0.012"/>
  <testcase name="debitoCuentaParametrizedValueSourceTest{String, String}[3]" classname="app.moels.CuentaTest$PruebasParametrizadas" time="0.009"/>
  <testcase name="debitoCuentaParametrizedValueSourceTest{String, String}[4]" classname="app.moels.CuentaTest$PruebasParametrizadas" time="0.01"/>
  <testcase name="debitoCuentaParametrizedValueSourceTest{String, String}[5]" classname="app.moels.CuentaTest$PruebasParametrizadas" time="0.013"/>
  <testcase name="debitoCuentaParametrizedValueSourceTest{String, String}[6]" classname="app.moels.CuentaTest$PruebasParametrizadas" time="0.01"/>
</testsuite>